<?xml version="1.0" encoding="UTF-8"?>
<robot generator="Robot 6.1.1 (Python 3.11.4 on win32)" generated="20230813 21:37:49.384" rpa="false" schemaversion="4">
<suite id="s1" name="Amazon Testes" source="C:\Users\mathe\Documents\Ambientes FC\robotframework\amazon_testes.robot">
<test id="s1-t1" name="Caso de Teste 02 - Pesquisa de um Produto" line="21">
<kw name="Abrir o navegador" library="amazon_resources" type="SETUP">
<kw name="Open Browser" library="SeleniumLibrary">
<arg>browser=chrome</arg>
<doc>Opens a new browser instance to the optional ``url``.</doc>
<msg timestamp="20230813 21:37:49.684" level="INFO">Opening browser 'chrome' to base url 'None'.</msg>
<msg timestamp="20230813 21:37:50.123" level="WARN">The chromedriver version (114.0.5735.90) detected in PATH at C:\Users\mathe\AppData\Local\Programs\Python\Python311\Scripts\chromedriver.exe might not be compatible with the detected chrome version (115.0.5790.171); currently, chromedriver 115.0.5790.170 is recommended for chrome 115.*, so it is advised to delete the driver in PATH and retry</msg>
<status status="PASS" starttime="20230813 21:37:49.684" endtime="20230813 21:37:51.341"/>
</kw>
<kw name="Maximize Browser Window" library="SeleniumLibrary">
<doc>Maximizes current browser window.</doc>
<status status="PASS" starttime="20230813 21:37:51.341" endtime="20230813 21:37:51.468"/>
</kw>
<status status="PASS" starttime="20230813 21:37:49.684" endtime="20230813 21:37:51.468"/>
</kw>
<kw name="Acessar a home page do site Amazon.com.br" library="amazon_resources">
<kw name="Go To" library="SeleniumLibrary">
<arg>url=${URL}</arg>
<doc>Navigates the current browser window to the provided ``url``.</doc>
<msg timestamp="20230813 21:37:51.469" level="INFO">Opening url 'http://www.amazon.com.br/'</msg>
<status status="PASS" starttime="20230813 21:37:51.469" endtime="20230813 21:37:53.655"/>
</kw>
<kw name="Wait Until Element Is Visible" library="SeleniumLibrary">
<arg>locator=${MENU_ELETRONICOS}</arg>
<doc>Waits until the element ``locator`` is visible.</doc>
<status status="PASS" starttime="20230813 21:37:53.656" endtime="20230813 21:37:53.720"/>
</kw>
<status status="PASS" starttime="20230813 21:37:51.469" endtime="20230813 21:37:53.720"/>
</kw>
<kw name="Digitar o nome de produto &quot;Xbox Series S&quot; no campo de pesquisa" library="amazon_resources" sourcename="Digitar o nome de produto &quot;${PRODUTO}&quot; no campo de pesquisa">
<kw name="Input Text" library="SeleniumLibrary">
<arg>locator=twotabsearchtextbox</arg>
<arg>text=${PRODUTO}</arg>
<doc>Types the given ``text`` into the text field identified by ``locator``.</doc>
<msg timestamp="20230813 21:37:53.721" level="INFO">Typing text 'Xbox Series S' into text field 'twotabsearchtextbox'.</msg>
<status status="PASS" starttime="20230813 21:37:53.721" endtime="20230813 21:37:54.020"/>
</kw>
<status status="PASS" starttime="20230813 21:37:53.720" endtime="20230813 21:37:54.020"/>
</kw>
<kw name="Clicar no botão de pesquisa" library="amazon_resources">
<kw name="Click Element" library="SeleniumLibrary">
<arg>locator=nav-search-submit-button</arg>
<doc>Click the element identified by ``locator``.</doc>
<msg timestamp="20230813 21:37:54.024" level="INFO">Clicking element 'nav-search-submit-button'.</msg>
<status status="PASS" starttime="20230813 21:37:54.021" endtime="20230813 21:37:54.176"/>
</kw>
<status status="PASS" starttime="20230813 21:37:54.021" endtime="20230813 21:37:54.176"/>
</kw>
<kw name="Verificar o resultado da pesquisa se está listando o produto &quot;Console Xbox Series S&quot;" library="amazon_resources" sourcename="Verificar o resultado da pesquisa se está listando o produto &quot;${PRODUTO}&quot;">
<kw name="Wait Until Element Is Visible" library="SeleniumLibrary">
<arg>locator=//span[@class='a-size-base-plus a-color-base a-text-normal'][contains(.,'${PRODUTO}')]</arg>
<doc>Waits until the element ``locator`` is visible.</doc>
<status status="PASS" starttime="20230813 21:37:54.179" endtime="20230813 21:37:55.955"/>
</kw>
<status status="PASS" starttime="20230813 21:37:54.179" endtime="20230813 21:37:55.955"/>
</kw>
<kw name="Fechar o navegador" library="amazon_resources" type="TEARDOWN">
<kw name="Capture Page Screenshot" library="SeleniumLibrary">
<doc>Takes a screenshot of the current page and embeds it into a log file.</doc>
<msg timestamp="20230813 21:37:56.315" level="INFO" html="true">&lt;/td&gt;&lt;/tr&gt;&lt;tr&gt;&lt;td colspan="3"&gt;&lt;a href="selenium-screenshot-7.png"&gt;&lt;img src="selenium-screenshot-7.png" width="800px"&gt;&lt;/a&gt;</msg>
<status status="PASS" starttime="20230813 21:37:55.956" endtime="20230813 21:37:56.316"/>
</kw>
<kw name="Close Browser" library="SeleniumLibrary">
<doc>Closes the current browser.</doc>
<status status="PASS" starttime="20230813 21:37:56.316" endtime="20230813 21:37:59.552"/>
</kw>
<status status="PASS" starttime="20230813 21:37:55.956" endtime="20230813 21:37:59.552"/>
</kw>
<doc>Esse teste verifica a busca de um produto</doc>
<tag>busca_produtos</tag>
<tag>lista_busca</tag>
<status status="PASS" starttime="20230813 21:37:49.683" endtime="20230813 21:37:59.552"/>
</test>
<doc>Essa suite testa o site da Amazon.com.br</doc>
<status status="PASS" starttime="20230813 21:37:49.387" endtime="20230813 21:37:59.554"/>
</suite>
<statistics>
<total>
<stat pass="1" fail="0" skip="0">All Tests</stat>
</total>
<tag>
<stat pass="1" fail="0" skip="0">busca_produtos</stat>
<stat pass="1" fail="0" skip="0">lista_busca</stat>
</tag>
<suite>
<stat pass="1" fail="0" skip="0" id="s1" name="Amazon Testes">Amazon Testes</stat>
</suite>
</statistics>
<errors>
<msg timestamp="20230813 21:37:50.123" level="WARN">The chromedriver version (114.0.5735.90) detected in PATH at C:\Users\mathe\AppData\Local\Programs\Python\Python311\Scripts\chromedriver.exe might not be compatible with the detected chrome version (115.0.5790.171); currently, chromedriver 115.0.5790.170 is recommended for chrome 115.*, so it is advised to delete the driver in PATH and retry</msg>
</errors>
</robot>
