<?xml version="1.0" encoding="UTF-8"?>
<robot generator="Robot 6.1.1 (Python 3.11.4 on win32)" generated="20230814 00:12:26.785" rpa="false" schemaversion="4">
<suite id="s1" name="Amazon Testes Gherkin Bdd" source="C:\Users\mathe\Documents\Ambientes FC\robotframework\amazon_testes_gherkin_bdd.robot">
<test id="s1-t1" name="Caso de Teste 02 - Pesquisa de um Produto" line="20">
<kw name="Abrir o navegador" library="amazon_resources" type="SETUP">
<kw name="Open Browser" library="SeleniumLibrary">
<arg>browser=${BROWSER}</arg>
<doc>Opens a new browser instance to the optional ``url``.</doc>
<msg timestamp="20230814 00:12:27.083" level="INFO">Opening browser 'chrome' to base url 'None'.</msg>
<msg timestamp="20230814 00:12:27.504" level="WARN">The chromedriver version (114.0.5735.90) detected in PATH at C:\Users\mathe\AppData\Local\Programs\Python\Python311\Scripts\chromedriver.exe might not be compatible with the detected chrome version (115.0.5790.171); currently, chromedriver 115.0.5790.170 is recommended for chrome 115.*, so it is advised to delete the driver in PATH and retry</msg>
<status status="PASS" starttime="20230814 00:12:27.081" endtime="20230814 00:12:28.650"/>
</kw>
<kw name="Maximize Browser Window" library="SeleniumLibrary">
<doc>Maximizes current browser window.</doc>
<status status="PASS" starttime="20230814 00:12:28.651" endtime="20230814 00:12:28.767"/>
</kw>
<status status="PASS" starttime="20230814 00:12:27.081" endtime="20230814 00:12:28.767"/>
</kw>
<kw name="Dado que estou na home page da Amazon.com.br" library="amazon_resources">
<kw name="Acessar a home page do site Amazon.com.br" library="amazon_resources">
<kw name="Go To" library="SeleniumLibrary">
<arg>url=${URL}</arg>
<doc>Navigates the current browser window to the provided ``url``.</doc>
<msg timestamp="20230814 00:12:28.768" level="INFO">Opening url 'http://www.amazon.com.br/'</msg>
<status status="PASS" starttime="20230814 00:12:28.768" endtime="20230814 00:12:30.548"/>
</kw>
<kw name="Wait Until Element Is Visible" library="SeleniumLibrary">
<arg>locator=${MENU_ELETRONICOS}</arg>
<doc>Waits until the element ``locator`` is visible.</doc>
<status status="PASS" starttime="20230814 00:12:30.548" endtime="20230814 00:12:30.600"/>
</kw>
<status status="PASS" starttime="20230814 00:12:28.767" endtime="20230814 00:12:30.600"/>
</kw>
<kw name="Verificar se o título da página fica &quot;Amazon.com.br | Tudo pra você, de A a Z.&quot;" library="amazon_resources" sourcename="Verificar se o título da página fica &quot;${TITULO}&quot;">
<kw name="Title Should Be" library="SeleniumLibrary">
<arg>title=${TITULO}</arg>
<doc>Verifies that the current page title equals ``title``.</doc>
<msg timestamp="20230814 00:12:30.606" level="INFO">Page title is 'Amazon.com.br | Tudo pra você, de A a Z.'.</msg>
<status status="PASS" starttime="20230814 00:12:30.601" endtime="20230814 00:12:30.606"/>
</kw>
<status status="PASS" starttime="20230814 00:12:30.601" endtime="20230814 00:12:30.606"/>
</kw>
<status status="PASS" starttime="20230814 00:12:28.767" endtime="20230814 00:12:30.606"/>
</kw>
<kw name="Quando pesquisar pelo produto &quot;Xbox Series S&quot;" library="amazon_resources">
<kw name="Digitar o nome de produto &quot;Xbox Series S&quot; no campo de pesquisa" library="amazon_resources" sourcename="Digitar o nome de produto &quot;${PRODUTO}&quot; no campo de pesquisa">
<kw name="Input Text" library="SeleniumLibrary">
<arg>locator=twotabsearchtextbox</arg>
<arg>text=${PRODUTO}</arg>
<doc>Types the given ``text`` into the text field identified by ``locator``.</doc>
<msg timestamp="20230814 00:12:30.607" level="INFO">Typing text 'Xbox Series S' into text field 'twotabsearchtextbox'.</msg>
<status status="PASS" starttime="20230814 00:12:30.607" endtime="20230814 00:12:30.845"/>
</kw>
<status status="PASS" starttime="20230814 00:12:30.607" endtime="20230814 00:12:30.845"/>
</kw>
<kw name="Clicar no botão de pesquisa" library="amazon_resources">
<kw name="Click Element" library="SeleniumLibrary">
<arg>locator=nav-search-submit-button</arg>
<doc>Click the element identified by ``locator``.</doc>
<msg timestamp="20230814 00:12:30.847" level="INFO">Clicking element 'nav-search-submit-button'.</msg>
<status status="PASS" starttime="20230814 00:12:30.846" endtime="20230814 00:12:33.254"/>
</kw>
<status status="PASS" starttime="20230814 00:12:30.846" endtime="20230814 00:12:33.254"/>
</kw>
<status status="PASS" starttime="20230814 00:12:30.606" endtime="20230814 00:12:33.254"/>
</kw>
<kw name="Então o título da página deve ficar &quot;Amazon.com.br : Xbox Series S&quot;" library="amazon_resources">
<kw name="Title Should Be" library="SeleniumLibrary">
<arg>title=Amazon.com.br : Xbox Series S</arg>
<doc>Verifies that the current page title equals ``title``.</doc>
<msg timestamp="20230814 00:12:33.260" level="INFO">Page title is 'Amazon.com.br : Xbox Series S'.</msg>
<status status="PASS" starttime="20230814 00:12:33.255" endtime="20230814 00:12:33.260"/>
</kw>
<status status="PASS" starttime="20230814 00:12:33.255" endtime="20230814 00:12:33.260"/>
</kw>
<kw name="E um produto da linha &quot;Xbox Series S&quot; deve ser mostrado na página" library="amazon_resources">
<kw name="Verificar o resultado da pesquisa se está listando o produto &quot;Console Xbox Series S&quot;" library="amazon_resources" sourcename="Verificar o resultado da pesquisa se está listando o produto &quot;${PRODUTO}&quot;">
<kw name="Wait Until Element Is Visible" library="SeleniumLibrary">
<arg>locator=//span[@class='a-size-base-plus a-color-base a-text-normal'][contains(.,'${PRODUTO}')]</arg>
<doc>Waits until the element ``locator`` is visible.</doc>
<status status="PASS" starttime="20230814 00:12:33.261" endtime="20230814 00:12:33.295"/>
</kw>
<status status="PASS" starttime="20230814 00:12:33.261" endtime="20230814 00:12:33.295"/>
</kw>
<status status="PASS" starttime="20230814 00:12:33.261" endtime="20230814 00:12:33.295"/>
</kw>
<kw name="Fechar o navegador" library="amazon_resources" type="TEARDOWN">
<kw name="Capture Page Screenshot" library="SeleniumLibrary">
<doc>Takes a screenshot of the current page and embeds it into a log file.</doc>
<msg timestamp="20230814 00:12:33.623" level="INFO" html="true">&lt;/td&gt;&lt;/tr&gt;&lt;tr&gt;&lt;td colspan="3"&gt;&lt;a href="selenium-screenshot-6.png"&gt;&lt;img src="selenium-screenshot-6.png" width="800px"&gt;&lt;/a&gt;</msg>
<status status="PASS" starttime="20230814 00:12:33.296" endtime="20230814 00:12:33.623"/>
</kw>
<kw name="Close Browser" library="SeleniumLibrary">
<doc>Closes the current browser.</doc>
<status status="PASS" starttime="20230814 00:12:33.623" endtime="20230814 00:12:35.817"/>
</kw>
<status status="PASS" starttime="20230814 00:12:33.296" endtime="20230814 00:12:35.817"/>
</kw>
<doc>Esse teste verifica a busca de um produto</doc>
<tag>busca_produtos</tag>
<tag>lista_busca</tag>
<status status="PASS" starttime="20230814 00:12:27.081" endtime="20230814 00:12:35.818"/>
</test>
<doc>Essa suite testa o site da Amazon.com.br</doc>
<status status="PASS" starttime="20230814 00:12:26.787" endtime="20230814 00:12:35.819"/>
</suite>
<statistics>
<total>
<stat pass="1" fail="0" skip="0">All Tests</stat>
</total>
<tag>
<stat pass="1" fail="0" skip="0">busca_produtos</stat>
<stat pass="1" fail="0" skip="0">lista_busca</stat>
</tag>
<suite>
<stat pass="1" fail="0" skip="0" id="s1" name="Amazon Testes Gherkin Bdd">Amazon Testes Gherkin Bdd</stat>
</suite>
</statistics>
<errors>
<msg timestamp="20230814 00:12:27.504" level="WARN">The chromedriver version (114.0.5735.90) detected in PATH at C:\Users\mathe\AppData\Local\Programs\Python\Python311\Scripts\chromedriver.exe might not be compatible with the detected chrome version (115.0.5790.171); currently, chromedriver 115.0.5790.170 is recommended for chrome 115.*, so it is advised to delete the driver in PATH and retry</msg>
</errors>
</robot>
