<?xml version="1.0" encoding="UTF-8"?>
<robot generator="Robot 6.1.1 (Python 3.11.4 on win32)" generated="20230814 01:02:59.055" rpa="false" schemaversion="4">
<suite id="s1" name="Amazon Testes Gherkin Bdd" source="C:\Users\mathe\Documents\Ambientes FC\robotframework\amazon_testes_gherkin_bdd.robot">
<test id="s1-t1" name="Caso de Teste 04 - Remover Produto do Carrinho" line="34">
<kw name="Abrir o navegador" library="amazon_resources" type="SETUP">
<kw name="Open Browser" library="SeleniumLibrary">
<arg>browser=${BROWSER}</arg>
<doc>Opens a new browser instance to the optional ``url``.</doc>
<msg timestamp="20230814 01:02:59.312" level="INFO">Opening browser 'chrome' to base url 'None'.</msg>
<status status="PASS" starttime="20230814 01:02:59.312" endtime="20230814 01:03:01.036"/>
</kw>
<kw name="Maximize Browser Window" library="SeleniumLibrary">
<doc>Maximizes current browser window.</doc>
<status status="PASS" starttime="20230814 01:03:01.036" endtime="20230814 01:03:01.157"/>
</kw>
<status status="PASS" starttime="20230814 01:02:59.311" endtime="20230814 01:03:01.157"/>
</kw>
<kw name="Dado que estou na home page da Amazon.com.br" library="amazon_resources">
<kw name="Acessar a home page do site Amazon.com.br" library="amazon_resources">
<kw name="Go To" library="SeleniumLibrary">
<arg>url=${URL}</arg>
<doc>Navigates the current browser window to the provided ``url``.</doc>
<msg timestamp="20230814 01:03:01.158" level="INFO">Opening url 'http://www.amazon.com.br'</msg>
<status status="PASS" starttime="20230814 01:03:01.158" endtime="20230814 01:03:03.037"/>
</kw>
<kw name="Wait Until Element Is Visible" library="SeleniumLibrary">
<arg>locator=${MENU_ELETRONICOS}</arg>
<doc>Waits until the element ``locator`` is visible.</doc>
<status status="PASS" starttime="20230814 01:03:03.037" endtime="20230814 01:03:03.090"/>
</kw>
<status status="PASS" starttime="20230814 01:03:01.157" endtime="20230814 01:03:03.090"/>
</kw>
<kw name="Verificar se o título da página fica &quot;Amazon.com.br | Tudo pra você, de A a Z.&quot;" library="amazon_resources" sourcename="Verificar se o título da página fica &quot;${TITULO}&quot;">
<kw name="Title Should Be" library="SeleniumLibrary">
<arg>title=${TITULO}</arg>
<doc>Verifies that the current page title equals ``title``.</doc>
<msg timestamp="20230814 01:03:03.096" level="INFO">Page title is 'Amazon.com.br | Tudo pra você, de A a Z.'.</msg>
<status status="PASS" starttime="20230814 01:03:03.091" endtime="20230814 01:03:03.096"/>
</kw>
<status status="PASS" starttime="20230814 01:03:03.090" endtime="20230814 01:03:03.096"/>
</kw>
<status status="PASS" starttime="20230814 01:03:01.157" endtime="20230814 01:03:03.096"/>
</kw>
<kw name="E existe o produto &quot;Console Xbox Series S&quot; no carrinho" library="amazon_resources">
<kw name="Quando adicionar o produto &quot;Console Xbox Series S&quot; no carrinho" library="amazon_resources">
<kw name="Digitar o nome de produto &quot;Xbox Series S&quot; no campo de pesquisa" library="amazon_resources" sourcename="Digitar o nome de produto &quot;${PRODUTO}&quot; no campo de pesquisa">
<kw name="Input Text" library="SeleniumLibrary">
<arg>locator=twotabsearchtextbox</arg>
<arg>text=${PRODUTO}</arg>
<doc>Types the given ``text`` into the text field identified by ``locator``.</doc>
<msg timestamp="20230814 01:03:03.097" level="INFO">Typing text 'Xbox Series S' into text field 'twotabsearchtextbox'.</msg>
<status status="PASS" starttime="20230814 01:03:03.097" endtime="20230814 01:03:03.316"/>
</kw>
<status status="PASS" starttime="20230814 01:03:03.096" endtime="20230814 01:03:03.316"/>
</kw>
<kw name="Clicar no botão de pesquisa" library="amazon_resources">
<kw name="Click Element" library="SeleniumLibrary">
<arg>locator=nav-search-submit-button</arg>
<doc>Click the element identified by ``locator``.</doc>
<msg timestamp="20230814 01:03:03.317" level="INFO">Clicking element 'nav-search-submit-button'.</msg>
<status status="PASS" starttime="20230814 01:03:03.316" endtime="20230814 01:03:03.478"/>
</kw>
<status status="PASS" starttime="20230814 01:03:03.316" endtime="20230814 01:03:03.478"/>
</kw>
<kw name="Verificar o resultado da pesquisa se está listando o produto &quot;Console Xbox Series S&quot;" library="amazon_resources" sourcename="Verificar o resultado da pesquisa se está listando o produto &quot;${PRODUTO}&quot;">
<kw name="Wait Until Element Is Visible" library="SeleniumLibrary">
<arg>locator=//span[@class='a-size-base-plus a-color-base a-text-normal'][contains(.,'Console Xbox Series S')]</arg>
<doc>Waits until the element ``locator`` is visible.</doc>
<status status="PASS" starttime="20230814 01:03:03.479" endtime="20230814 01:03:04.577"/>
</kw>
<status status="PASS" starttime="20230814 01:03:03.478" endtime="20230814 01:03:04.577"/>
</kw>
<kw name="Adicionar o produto &quot;Console Xbox Series S&quot; no carrinho" library="amazon_resources" sourcename="Adicionar o produto &quot;${PRODUTO}&quot; no carrinho">
<kw name="Click Element" library="SeleniumLibrary">
<arg>locator=//span[@class='a-size-base-plus a-color-base a-text-normal'][contains(.,'${PRODUTO}')]</arg>
<doc>Click the element identified by ``locator``.</doc>
<msg timestamp="20230814 01:03:04.578" level="INFO">Clicking element '//span[@class='a-size-base-plus a-color-base a-text-normal'][contains(.,'Console Xbox Series S')]'.</msg>
<status status="PASS" starttime="20230814 01:03:04.577" endtime="20230814 01:03:08.561"/>
</kw>
<kw name="Wait Until Element Is Visible" library="SeleniumLibrary">
<arg>locator=${BTN_ADD_CARRINHO}</arg>
<doc>Waits until the element ``locator`` is visible.</doc>
<status status="PASS" starttime="20230814 01:03:08.562" endtime="20230814 01:03:08.676"/>
</kw>
<kw name="Click Button" library="SeleniumLibrary">
<arg>locator=${BTN_ADD_CARRINHO}</arg>
<doc>Clicks the button identified by ``locator``.</doc>
<msg timestamp="20230814 01:03:08.677" level="INFO">Clicking button 'add-to-cart-button'.</msg>
<status status="PASS" starttime="20230814 01:03:08.676" endtime="20230814 01:03:10.435"/>
</kw>
<kw name="Wait Until Element Is Visible" library="SeleniumLibrary">
<arg>locator=//span[@class='a-size-medium-plus a-color-base sw-atc-text a-text-bold'][contains(.,'Adicionado ao carrinho')]</arg>
<doc>Waits until the element ``locator`` is visible.</doc>
<status status="PASS" starttime="20230814 01:03:10.436" endtime="20230814 01:03:10.548"/>
</kw>
<status status="PASS" starttime="20230814 01:03:04.577" endtime="20230814 01:03:10.548"/>
</kw>
<status status="PASS" starttime="20230814 01:03:03.096" endtime="20230814 01:03:10.548"/>
</kw>
<kw name="Então o produto &quot;Console Xbox Series S&quot; deve ser mostrado no carrinho" library="amazon_resources">
<kw name="Verificar se o produto &quot;Console Xbox Series S&quot; foi adicionado com sucesso" library="amazon_resources" sourcename="Verificar se o produto &quot;${PRODUTO}&quot; foi adicionado com sucesso">
<kw name="Wait Until Element Is Visible" library="SeleniumLibrary">
<arg>locator=${ADICIONADO_NO_CARRINHO}</arg>
<doc>Waits until the element ``locator`` is visible.</doc>
<status status="PASS" starttime="20230814 01:03:10.549" endtime="20230814 01:03:10.660"/>
</kw>
<kw name="Click Link" library="SeleniumLibrary">
<arg>locator=${CARRINHO}</arg>
<doc>Clicks a link identified by ``locator``.</doc>
<msg timestamp="20230814 01:03:10.661" level="INFO">Clicking link 'nav-cart'.</msg>
<status status="PASS" starttime="20230814 01:03:10.660" endtime="20230814 01:03:11.668"/>
</kw>
<kw name="Wait Until Element Is Visible" library="SeleniumLibrary">
<arg>locator=//span[@class='a-truncate-cut'][contains(.,'${PRODUTO}')]</arg>
<doc>Waits until the element ``locator`` is visible.</doc>
<status status="PASS" starttime="20230814 01:03:11.668" endtime="20230814 01:03:11.709"/>
</kw>
<status status="PASS" starttime="20230814 01:03:10.548" endtime="20230814 01:03:11.709"/>
</kw>
<status status="PASS" starttime="20230814 01:03:10.548" endtime="20230814 01:03:11.709"/>
</kw>
<status status="PASS" starttime="20230814 01:03:03.096" endtime="20230814 01:03:11.709"/>
</kw>
<kw name="Quando remover o produto &quot;Console Xbox Series S&quot; do carrinho" library="amazon_resources">
<kw name="Remover o produto &quot;Console Xbox Series S&quot; do carrinho" library="amazon_resources">
<kw name="Click Element" library="SeleniumLibrary">
<arg>locator=${EXCLUIR}</arg>
<doc>Click the element identified by ``locator``.</doc>
<msg timestamp="20230814 01:03:11.710" level="INFO">Clicking element '//input[contains(@value,'Excluir')]'.</msg>
<status status="PASS" starttime="20230814 01:03:11.709" endtime="20230814 01:03:11.815"/>
</kw>
<status status="PASS" starttime="20230814 01:03:11.709" endtime="20230814 01:03:11.815"/>
</kw>
<status status="PASS" starttime="20230814 01:03:11.709" endtime="20230814 01:03:11.815"/>
</kw>
<kw name="Então o carrinho deve ficar vazio" library="amazon_resources">
<kw name="Verificar se o carrinho fica vazio" library="amazon_resources">
<kw name="Wait Until Element Is Visible" library="SeleniumLibrary">
<arg>locator=${REMOVIDO_DO_CARRINHO}</arg>
<doc>Waits until the element ``locator`` is visible.</doc>
<status status="PASS" starttime="20230814 01:03:11.816" endtime="20230814 01:03:12.259"/>
</kw>
<status status="PASS" starttime="20230814 01:03:11.816" endtime="20230814 01:03:12.259"/>
</kw>
<status status="PASS" starttime="20230814 01:03:11.816" endtime="20230814 01:03:12.259"/>
</kw>
<kw name="Fechar o navegador" library="amazon_resources" type="TEARDOWN">
<kw name="Capture Page Screenshot" library="SeleniumLibrary">
<doc>Takes a screenshot of the current page and embeds it into a log file.</doc>
<msg timestamp="20230814 01:03:12.427" level="INFO" html="true">&lt;/td&gt;&lt;/tr&gt;&lt;tr&gt;&lt;td colspan="3"&gt;&lt;a href="selenium-screenshot-1.png"&gt;&lt;img src="selenium-screenshot-1.png" width="800px"&gt;&lt;/a&gt;</msg>
<status status="PASS" starttime="20230814 01:03:12.260" endtime="20230814 01:03:12.427"/>
</kw>
<kw name="Close Browser" library="SeleniumLibrary">
<doc>Closes the current browser.</doc>
<status status="PASS" starttime="20230814 01:03:12.428" endtime="20230814 01:03:14.667"/>
</kw>
<status status="PASS" starttime="20230814 01:03:12.260" endtime="20230814 01:03:14.667"/>
</kw>
<doc>Esse teste verifica a remoção de um produto no carrinho de compras</doc>
<tag>remover_carrinho</tag>
<status status="PASS" starttime="20230814 01:02:59.311" endtime="20230814 01:03:14.667"/>
</test>
<doc>Essa suíte testa o site da Amazon.com.br</doc>
<status status="PASS" starttime="20230814 01:02:59.057" endtime="20230814 01:03:14.668"/>
</suite>
<statistics>
<total>
<stat pass="1" fail="0" skip="0">All Tests</stat>
</total>
<tag>
<stat pass="1" fail="0" skip="0">remover_carrinho</stat>
</tag>
<suite>
<stat pass="1" fail="0" skip="0" id="s1" name="Amazon Testes Gherkin Bdd">Amazon Testes Gherkin Bdd</stat>
</suite>
</statistics>
<errors>
</errors>
</robot>
